<?xml version="1.0" encoding="UTF-8"?>
<!-- Generated by org.testng.reporters.JUnitReportReporter -->
<testsuite hostname="DESKTOP-8DO45Q1" failures="0" tests="1" name="appl.tests.SpecBuilderTest" time="2.918" errors="0" timestamp="21 Jul 2021 12:23:38 GMT" skipped="0">
  <testcase classname="appl.tests.SpecBuilderTest" name="getPlace" time="2.918"/>
</testsuite> <!-- appl.tests.SpecBuilderTest -->
