<?xml version="1.0" encoding="UTF-8"?>
<!-- Generated by org.testng.reporters.JUnitReportReporter -->
<testsuite hostname="DESKTOP-8DO45Q1" failures="0" tests="3" name="appl.tests.SpaceXTests" time="3.318" errors="0" timestamp="21 Jul 2021 18:18:23 GMT" skipped="0">
  <testcase classname="appl.tests.SpaceXTests" name="TC001_validateResponseAndContent" time="1.390"/>
  <testcase classname="appl.tests.SpaceXTests" name="TC002_validateRocketDetails" time="1.035"/>
  <testcase classname="appl.tests.SpaceXTests" name="TC003_validateLaunchLandings" time="0.893"/>
</testsuite> <!-- appl.tests.SpaceXTests -->
