<?xml version="1.0" encoding="UTF-8"?>
<!-- Generated by org.testng.reporters.JUnitReportReporter -->
<testsuite hostname="DESKTOP-8DO45Q1" failures="0" tests="3" name="appl.tests.SpaceXTests" time="3.750" errors="0" timestamp="21 Jul 2021 17:57:42 GMT" skipped="0">
  <testcase classname="appl.tests.SpaceXTests" name="TC002_validateRocketDetails" time="1.120"/>
  <testcase classname="appl.tests.SpaceXTests" name="TC001_validateResponseAndContent" time="1.766"/>
  <testcase classname="appl.tests.SpaceXTests" name="TC003_validateLaunchLandings" time="0.864"/>
</testsuite> <!-- appl.tests.SpaceXTests -->
